2016-12-20 17:00:49,652 - os.name - Mac OS X
2016-12-20 17:00:49,653 - os.arch - x86_64
2016-12-20 17:00:49,654 - os.version - 10.12.1
2016-12-20 17:00:49,654 - java.version - 1.8.0_65
2016-12-20 17:00:49,654 - java.vendor - Oracle Corporation
2016-12-20 17:00:49,654 - java.vendor.url - http://java.oracle.com/
2016-12-20 17:00:49,654 - java.home - /Library/Java/JavaVirtualMachines/jdk1.8.0_65.jdk/Contents/Home/jre
2016-12-20 17:00:49,654 - java.vm.specification.name - Java Virtual Machine Specification
2016-12-20 17:00:49,654 - java.vm.specification.vendor - Oracle Corporation
2016-12-20 17:00:49,654 - java.vm.specification.version - 1.8
2016-12-20 17:00:49,654 - java.class.path - /Applications/Eclipse.app/Contents/MacOS//../Eclipse/plugins/org.eclipse.equinox.launcher_1.3.200.v20160318-1642.jar
2016-12-20 17:00:49,654 - java.library.path - /Users/florasaramago/Library/Java/Extensions:/Library/Java/Extensions:/Network/Library/Java/Extensions:/System/Library/Java/Extensions:/usr/lib/java:.
2016-12-20 17:00:49,654 - --------------------------------------
2016-12-20 17:00:49,654 - ## Eclipse Plug-ins Log Information ##
2016-12-20 17:00:49,654 - --------------------------------------
2016-12-20 17:00:49,674 - javax.el - 2.2.0.v201303151357
2016-12-20 17:00:49,677 - javax.servlet - 3.1.0.v201410161800
2016-12-20 17:00:49,680 - javax.servlet.jsp - 2.2.0.v201112011158
2016-12-20 17:00:49,682 - com.sun.el - 2.2.0.v201303151357
2016-12-20 17:00:49,683 - org.apache.commons.logging - 1.1.1.v201101211721
2016-12-20 17:00:49,690 - org.apache.jasper.glassfish - 2.2.2.v201501141630
2016-12-20 17:00:49,802 - org.apache.lucene.analysis - 3.5.0.v20120725-1805
2016-12-20 17:00:49,813 - org.apache.lucene.core - 3.5.0.v20120725-1805
2016-12-20 17:00:49,814 - org.eclipse.equinox.http.jetty - 3.3.0.v20160324-1850
2016-12-20 17:00:49,816 - org.eclipse.equinox.http.registry - 1.1.400.v20150715-1528
2016-12-20 17:00:49,819 - org.eclipse.equinox.http.servlet - 1.3.1.v20160808-1329
2016-12-20 17:00:49,822 - org.eclipse.equinox.jsp.jasper - 1.0.500.v20150119-1358
2016-12-20 17:00:49,823 - org.eclipse.equinox.jsp.jasper.registry - 1.0.300.v20130327-1442
2016-12-20 17:00:49,823 - org.eclipse.help.base - 4.1.0.v20160907-1200
2016-12-20 17:00:49,826 - org.eclipse.help.ui - 4.0.200.v20160510-0758
2016-12-20 17:00:49,830 - org.eclipse.help.webapp - 3.8.0.v20160504-0839
2016-12-20 17:00:49,832 - org.eclipse.jetty.continuation - 9.3.9.v20160517
2016-12-20 17:00:49,834 - org.eclipse.jetty.http - 9.3.9.v20160517
2016-12-20 17:00:49,835 - org.eclipse.jetty.io - 9.3.9.v20160517
2016-12-20 17:00:49,838 - org.eclipse.jetty.security - 9.3.9.v20160517
2016-12-20 17:00:49,844 - org.eclipse.jetty.server - 9.3.9.v20160517
2016-12-20 17:00:49,850 - org.eclipse.jetty.servlet - 9.3.9.v20160517
2016-12-20 17:00:49,859 - org.eclipse.jetty.util - 9.3.9.v20160517
2016-12-20 17:00:49,859 - org.eclipse.core.net - 1.3.0.v20160418-1534
2016-12-20 17:00:49,865 - org.eclipse.equinox.security - 1.2.200.v20150715-1528
2016-12-20 17:00:49,871 - org.eclipse.andmore.hierarchyviewer - 0.5.0.201605181018
2016-12-20 17:00:49,880 - org.eclipse.mylyn.bugzilla.core - 3.20.0.v20160425-1835
2016-12-20 17:00:49,881 - org.eclipse.mylyn.bugzilla.ui - 3.20.0.v20160425-1835
2016-12-20 17:00:49,887 - org.eclipse.sequoyah.device.backward - 2.1.0.N20120718-0509
2016-12-20 17:00:49,887 - org.eclipse.sequoyah.device.framework - 2.1.0.N20120718-0509
2016-12-20 17:00:49,889 - org.eclipse.sequoyah.device.framework.ui - 2.1.0.N20120718-0509
2016-12-20 17:00:49,892 - org.eclipse.sequoyah.device.service.start - 2.1.0.N20120718-0509
2016-12-20 17:00:49,895 - org.eclipse.sequoyah.device.service.stop - 2.1.0.N20120718-0509
2016-12-20 17:00:49,900 - org.eclipse.sequoyah.device.framework.wizard - 2.1.0.N20120718-0509
2016-12-20 17:00:49,907 - org.eclipse.buildship.core - 1.0.18.v20160817-1550
2016-12-20 17:00:49,909 - org.eclipse.buildship.ui - 1.0.18.v20160817-1550
2016-12-20 17:00:49,909 - org.eclipse.buildship.branding - 1.0.18.v20160817-1550
2016-12-20 17:00:49,912 - org.eclipse.buildship.stsmigration - 1.0.18.v20160817-1550
2016-12-20 17:00:49,918 - org.eclipse.mylyn.tasks.core - 3.20.0.v20160608-1838
2016-12-20 17:00:49,921 - org.eclipse.mylyn.tasks.index.core - 3.20.0.v20160425-1835
2016-12-20 17:00:49,922 - org.eclipse.mylyn.tasks.index.ui - 3.20.0.v20160425-1835
2016-12-20 17:00:49,941 - org.eclipse.mylyn.tasks.search - 3.20.0.v20160425-1835
2016-12-20 17:00:49,943 - org.eclipse.mylyn.tasks.ui - 3.20.0.v20160608-1838
2016-12-20 17:00:49,949 - org.eclipse.egit.core - 4.4.1.201607150455-r
2016-12-20 17:00:49,953 - org.eclipse.egit.ui - 4.4.1.201607150455-r
2016-12-20 17:00:49,953 - org.eclipse.egit - 4.4.1.201607150455-r
2016-12-20 17:00:49,956 - org.eclipse.egit.doc - 4.4.1.201607150455-r
2016-12-20 17:00:49,962 - org.eclipse.aether.maven - 3.1.0.v20140706-2237
2016-12-20 17:00:49,966 - org.eclipse.gef - 3.11.0.201606061308
2016-12-20 17:00:49,975 - org.eclipse.mylyn.commons.identity.core - 1.12.0.v20160421-1819
2016-12-20 17:00:49,985 - org.eclipse.oomph.p2 - 1.5.0.v20160707-0243
2016-12-20 17:00:49,986 - org.eclipse.oomph.p2.core - 1.5.0.v20160908-1742
2016-12-20 17:00:49,987 - org.eclipse.oomph.p2.edit - 1.5.0.v20160707-0243
2016-12-20 17:00:49,992 - org.eclipse.oomph.p2.ui - 1.5.0.v20160908-1742
2016-12-20 17:00:49,996 - org.eclipse.oomph.p2.doc - 1.5.0.v20160707-0243
2016-12-20 17:00:50,006 - org.eclipse.datatools.enablement.sqlite - 1.1.0.201603142002
2016-12-20 17:00:50,008 - org.eclipse.datatools.enablement.sqlite.dbdefinition - 1.1.0.201603142002
2016-12-20 17:00:50,010 - org.eclipse.datatools.enablement.sqlite.ui - 1.1.0.201603142002
2016-12-20 17:00:50,010 - org.eclipse.datatools.enablement.finfo - 1.6.0.201603142002
2016-12-20 17:00:50,020 - org.eclipse.emf.codegen.ui - 2.6.0.v20160526-0356
2016-12-20 17:00:50,024 - org.eclipse.mylyn.commons.notifications.core - 1.12.0.v20160421-1819
2016-12-20 17:00:50,025 - org.eclipse.mylyn.commons.notifications.feed - 1.12.0.v20160421-1819
2016-12-20 17:00:50,026 - org.eclipse.mylyn.commons.notifications.ui - 1.12.0.v20160421-1819
2016-12-20 17:00:50,030 - org.eclipse.emf.converter - 2.7.0.v20160526-0356
2016-12-20 17:00:50,033 - org.eclipse.emf.importer - 2.9.0.v20160526-0356
2016-12-20 17:00:50,035 - org.eclipse.emf.exporter - 2.7.0.v20160526-0356
2016-12-20 17:00:50,038 - org.eclipse.emf.importer.ecore - 2.8.0.v20160526-0356
2016-12-20 17:00:50,040 - org.eclipse.emf.importer.java - 2.7.0.v20160526-0356
2016-12-20 17:00:50,045 - org.eclipse.emf.importer.rose - 2.8.0.v20160526-0356
2016-12-20 17:00:50,049 - org.eclipse.emf.edit.ui - 2.12.0.v20160526-0356
2016-12-20 17:00:50,056 - org.eclipse.help - 3.7.0.v20160602-1307
2016-12-20 17:00:50,058 - org.eclipse.ui - 3.108.0.v20160518-1929
2016-12-20 17:00:50,059 - org.eclipse.ui.workbench - 3.108.1.v20160819-2118
2016-12-20 17:00:50,060 - org.eclipse.update.configurator - 3.3.400.v20160506-0750
2016-12-20 17:00:50,060 - org.eclipse.rcp - 4.6.1.v20160907-1200
2016-12-20 17:00:50,060 - org.eclipse.ui.cocoa - 1.1.100.v20151202-1450
2016-12-20 17:00:50,067 - org.eclipse.recommenders.rcp - 2.4.3.v20160913-0645
2016-12-20 17:00:50,068 - org.eclipse.recommenders.apidocs - 2.4.3.v20160913-0645
2016-12-20 17:00:50,070 - org.eclipse.recommenders.apidocs.rcp - 2.4.3.v20160913-0645
2016-12-20 17:00:50,071 - org.eclipse.recommenders.calls - 2.4.3.v20160913-0645
2016-12-20 17:00:50,074 - org.eclipse.recommenders.calls.rcp - 2.4.3.v20160913-0645
2016-12-20 17:00:50,076 - org.eclipse.recommenders.chain.rcp - 2.4.3.v20160913-0645
2016-12-20 17:00:50,080 - org.eclipse.recommenders.completion.rcp - 2.4.3.v20160913-0645
2016-12-20 17:00:50,087 - org.eclipse.recommenders.constructors - 2.4.3.v20160913-0645
2016-12-20 17:00:50,089 - org.eclipse.recommenders.constructors.rcp - 2.4.3.v20160913-0645
2016-12-20 17:00:50,092 - org.eclipse.recommenders.coordinates - 2.4.3.v20160913-0645
2016-12-20 17:00:50,094 - org.eclipse.recommenders.coordinates.rcp - 2.4.3.v20160913-0645
2016-12-20 17:00:50,095 - org.eclipse.recommenders.injection - 2.4.3.v20160913-0645
2016-12-20 17:00:50,098 - org.eclipse.recommenders.jayes - 2.4.3.v20160913-0645
2016-12-20 17:00:50,103 - org.eclipse.recommenders.jayes.io - 2.4.3.v20160913-0645
2016-12-20 17:00:50,108 - org.eclipse.recommenders.jdt - 2.4.3.v20160913-0645
2016-12-20 17:00:50,110 - org.eclipse.recommenders.models - 2.4.3.v20160913-0645
2016-12-20 17:00:50,115 - org.eclipse.recommenders.models.rcp - 2.4.3.v20160913-0645
2016-12-20 17:00:50,117 - org.eclipse.recommenders.net - 2.4.3.v20160913-0645
2016-12-20 17:00:50,120 - org.eclipse.recommenders.overrides - 2.4.3.v20160913-0645
2016-12-20 17:00:50,123 - org.eclipse.recommenders.overrides.rcp - 2.4.3.v20160913-0645
2016-12-20 17:00:50,127 - org.eclipse.recommenders.subwords.rcp - 2.4.3.v20160913-0645
2016-12-20 17:00:50,132 - org.eclipse.recommenders.types.rcp - 2.4.3.v20160913-0645
2016-12-20 17:00:50,138 - org.eclipse.recommenders.utils - 2.4.3.v20160913-0645
2016-12-20 17:00:50,141 - org.eclipse.recommenders.utils.rcp - 2.4.3.v20160913-0645
2016-12-20 17:00:50,147 - org.eclipse.mylyn.commons.repositories.http.core - 1.12.0.v20160421-1819
2016-12-20 17:00:50,151 - org.eclipse.datatools.connectivity.oda.design.ui - 3.3.0.201603142002
2016-12-20 17:00:50,153 - org.eclipse.datatools.connectivity.ui.dse - 1.2.0.201603142002
2016-12-20 17:00:50,157 - org.eclipse.datatools.connectivity.ui - 1.3.0.201603142002
2016-12-20 17:00:50,160 - org.eclipse.datatools.connectivity.sqm.core - 1.3.0.201603142002
2016-12-20 17:00:50,165 - org.eclipse.datatools.help - 1.6.0.201603142002
2016-12-20 17:00:50,174 - org.eclipse.jdt - 3.12.1.v20160907-1200
2016-12-20 17:00:50,177 - org.eclipse.ant.ui - 3.6.200.v20160525-1820
2016-12-20 17:00:50,182 - org.eclipse.jdt.apt.core - 3.4.100.v20160525-0952
2016-12-20 17:00:50,184 - org.eclipse.jdt.apt.ui - 3.4.100.v20160418-1457
2016-12-20 17:00:50,186 - org.eclipse.jdt.apt.pluggable.core - 1.1.100.v20160418-1457
2016-12-20 17:00:50,190 - org.eclipse.jdt.compiler.apt - 1.2.100.v20160418-1457
2016-12-20 17:00:50,193 - org.eclipse.jdt.compiler.tool - 1.1.100.v20160418-1457
2016-12-20 17:00:50,195 - org.eclipse.jdt.core - 3.12.1.v20160829-0950
2016-12-20 17:00:50,198 - org.eclipse.jdt.annotation - 2.1.0.v20160418-1457
2016-12-20 17:00:50,198 - org.eclipse.jdt.annotation - 2.1.0.v20160418-1457
2016-12-20 17:00:50,199 - org.eclipse.jdt.core.manipulation - 1.7.0.v20160419-0705
2016-12-20 17:00:50,207 - org.eclipse.jdt.debug.ui - 3.7.201.v20160811-0450
2016-12-20 17:00:50,223 - org.eclipse.jdt.debug - 3.10.1.v20160811-0441
2016-12-20 17:00:50,225 - org.eclipse.jdt.junit - 3.9.0.v20160421-1701
2016-12-20 17:00:50,229 - org.eclipse.jdt.junit.core - 3.8.0.v20160421-1701
2016-12-20 17:00:50,231 - org.eclipse.jdt.junit.runtime - 3.4.600.v20160505-0715
2016-12-20 17:00:50,237 - org.eclipse.jdt.junit4.runtime - 1.1.600.v20160505-0715
2016-12-20 17:00:50,240 - org.eclipse.jdt.launching - 3.8.100.v20160505-0636
2016-12-20 17:00:50,246 - org.eclipse.jdt.ui - 3.12.1.v20160822-0645
2016-12-20 17:00:50,253 - org.junit - 4.12.0.v201504281640
2016-12-20 17:00:50,254 - org.hamcrest.core - 1.3.0.v201303031735
2016-12-20 17:00:50,263 - org.eclipse.jdt.doc.user - 3.12.1.v20160727-2009
2016-12-20 17:00:50,265 - org.eclipse.jdt.launching.macosx - 3.3.0.v20160418-1524
2016-12-20 17:00:50,272 - org.eclipse.jdt.launching.ui.macosx - 1.1.0.v20160418-1524
2016-12-20 17:00:50,277 - org.eclipse.ant.launching - 1.1.200.v20160418-1631
2016-12-20 17:00:50,281 - org.eclipse.emf.common - 2.12.0.v20160420-0247
2016-12-20 17:00:50,288 - org.eclipse.sequoyah.vnc.vncviewer.vncviews - 2.1.0.N20120718-0509
2016-12-20 17:00:50,302 - org.eclipse.egit.mylyn.ui - 4.4.1.201607150455-r
2016-12-20 17:00:50,306 - org.eclipse.datatools.sqltools.common.ui - 1.1.0.201603142002
2016-12-20 17:00:50,307 - org.eclipse.datatools.sqltools.debugger.core - 1.1.0.201603142002
2016-12-20 17:00:50,313 - org.eclipse.datatools.sqltools.editor.core - 1.1.0.201603142002
2016-12-20 17:00:50,318 - org.eclipse.datatools.sqltools.plan - 1.1.0.201603142002
2016-12-20 17:00:50,321 - org.eclipse.datatools.sqltools.routineeditor - 1.1.0.201603142002
2016-12-20 17:00:50,323 - org.eclipse.datatools.sqltools.sql - 1.1.0.201603142002
2016-12-20 17:00:50,329 - org.eclipse.datatools.sqltools.sqleditor - 1.1.0.201603142002
2016-12-20 17:00:50,331 - org.eclipse.datatools.sqltools.sqlscrapbook - 1.1.0.201603142002
2016-12-20 17:00:50,331 - org.eclipse.datatools.help - 1.6.0.201603142002
2016-12-20 17:00:50,332 - org.eclipse.datatools.sqltools.db.generic - 1.1.0.201603142002
2016-12-20 17:00:50,336 - org.eclipse.datatools.sqltools.debugger.core.ui - 1.1.0.201603142002
2016-12-20 17:00:50,342 - org.eclipse.datatools.sqltools.editor.core.ui - 1.1.0.201603142002
2016-12-20 17:00:50,344 - org.eclipse.datatools.sqltools.result.ui - 1.2.0.201603142002
2016-12-20 17:00:50,347 - org.eclipse.datatools.sqltools.routineeditor.ui - 1.1.0.201603142002
2016-12-20 17:00:50,348 - org.eclipse.datatools.sqltools.sql.ui - 1.1.0.201603142002
2016-12-20 17:00:50,354 - org.objectweb.asm - 5.0.1.v201404251740
2016-12-20 17:00:50,354 - org.eclipse.andmore - 0.5.0.201605181018
2016-12-20 17:00:50,383 - org.eclipse.andmore.base - 0.5.0.201605181018
2016-12-20 17:00:50,393 - org.eclipse.andmore.ddms - 0.5.0.201605181018
2016-12-20 17:00:50,394 - org.eclipse.andmore.overlay - 0.5.0.201605181018
2016-12-20 17:00:50,404 - org.apache.commons.codec - 1.6.0.v201305230611
2016-12-20 17:00:50,407 - org.apache.commons.compress - 1.6.0.v201310281400
2016-12-20 17:00:50,415 - org.apache.httpcomponents.httpclient - 4.3.6.v201511171540
2016-12-20 17:00:50,419 - org.apache.httpcomponents.httpcore - 4.3.3.v201411290715
2016-12-20 17:00:50,425 - org.eclipse.datatools.modelbase.dbdefinition - 1.1.0.201603142002
2016-12-20 17:00:50,429 - org.eclipse.datatools.modelbase.sql.edit - 1.1.0.201603142002
2016-12-20 17:00:50,437 - org.eclipse.datatools.modelbase.sql.query - 1.2.0.201603142002
2016-12-20 17:00:50,442 - org.eclipse.datatools.modelbase.sql.query.edit - 1.1.0.201603142002
2016-12-20 17:00:50,451 - org.eclipse.datatools.modelbase.sql.xml.query - 1.1.0.201603142002
2016-12-20 17:00:50,451 - org.eclipse.datatools.modelbase.sql - 1.1.0.201603142002
2016-12-20 17:00:50,457 - org.eclipse.oomph.setup.editor - 1.5.0.v20160707-0243
2016-12-20 17:00:50,458 - org.eclipse.oomph.setup.ui - 1.5.0.v20160914-0644
2016-12-20 17:00:50,464 - org.eclipse.oomph.setup.doc - 1.5.0.v20160707-0243
2016-12-20 17:00:50,466 - org.eclipse.oomph.setup.ui.questionnaire - 1.5.0.v20160818-1158
2016-12-20 17:00:50,466 - org.eclipse.oomph.jreinfo.ui - 1.5.0.v20160707-0243
2016-12-20 17:00:50,470 - org.eclipse.emf.mapping - 2.9.0.v20160526-0356
2016-12-20 17:00:50,474 - org.eclipse.emf.ecore - 2.12.0.v20160420-0247
2016-12-20 17:00:50,479 - org.eclipse.emf.ecore.change - 2.11.0.v20160420-0247
2016-12-20 17:00:50,480 - org.eclipse.emf.ecore.xmi - 2.12.0.v20160420-0247
2016-12-20 17:00:50,487 - org.eclipse.jgit - 4.4.1.201607150455-r
2016-12-20 17:00:50,495 - org.eclipse.jgit.archive - 4.4.1.201607150455-r
2016-12-20 17:00:50,496 - com.jcraft.jsch - 0.1.53.v201508180515
2016-12-20 17:00:50,497 - javaewah - 0.7.9.v201605172130
2016-12-20 17:00:50,498 - org.apache.commons.compress - 1.6.0.v201310281400
2016-12-20 17:00:50,499 - org.slf4j.api - 1.7.2.v20121108-1250
2016-12-20 17:00:50,500 - org.slf4j.impl.log4j12 - 1.7.2.v20131105-2200
2016-12-20 17:00:50,502 - org.apache.log4j - 1.2.15.v201012070815
2016-12-20 17:00:50,509 - org.eclipse.mylyn.wikitext.core - 2.9.0.v20160513-1433
2016-12-20 17:00:50,517 - org.eclipse.mylyn.wikitext.core.ant - 2.9.0.v20160513-1433
2016-12-20 17:00:50,519 - org.eclipse.mylyn.wikitext.core.osgi - 2.9.0.v20160513-1433
2016-12-20 17:00:50,520 - org.eclipse.mylyn.wikitext.textile.core - 2.9.0.v20160513-1433
2016-12-20 17:00:50,522 - org.eclipse.mylyn.wikitext.html.core - 2.9.0.v20160513-1433
2016-12-20 17:00:50,528 - org.eclipse.mylyn.wikitext.markdown.core - 2.9.0.v20160513-1433
2016-12-20 17:00:50,530 - org.eclipse.mylyn.wikitext.mediawiki.core - 2.9.0.v20160513-1433
2016-12-20 17:00:50,532 - org.eclipse.mylyn.wikitext.mediawiki.core.ant - 2.9.0.v20160513-1433
2016-12-20 17:00:50,534 - org.eclipse.mylyn.wikitext.confluence.core - 2.9.0.v20160513-1433
2016-12-20 17:00:50,535 - org.eclipse.mylyn.wikitext.tracwiki.core - 2.9.0.v20160513-1433
2016-12-20 17:00:50,539 - org.eclipse.mylyn.wikitext.twiki.core - 2.9.0.v20160519-0832
2016-12-20 17:00:50,543 - org.eclipse.mylyn.wikitext.ui - 2.9.0.v20160516-1547
2016-12-20 17:00:50,546 - org.eclipse.mylyn.wikitext.help.ui - 2.9.0.v20160524-0547
2016-12-20 17:00:50,550 - org.eclipse.mylyn.wikitext.textile.ui - 2.9.0.v20160513-1433
2016-12-20 17:00:50,555 - org.eclipse.mylyn.wikitext.markdown.ui - 2.9.0.v20160513-1433
2016-12-20 17:00:50,557 - org.eclipse.mylyn.wikitext.mediawiki.ui - 2.9.0.v20160513-1433
2016-12-20 17:00:50,561 - org.eclipse.mylyn.wikitext.confluence.ui - 2.9.0.v20160513-1433
2016-12-20 17:00:50,563 - org.eclipse.mylyn.wikitext.tracwiki.ui - 2.9.0.v20160513-1433
2016-12-20 17:00:50,564 - org.eclipse.mylyn.wikitext.twiki.ui - 2.9.0.v20160513-1433
2016-12-20 17:00:50,567 - org.eclipse.mylyn.wikitext.tasks.ui - 2.9.0.v20160513-1433
2016-12-20 17:00:50,568 - org.eclipse.mylyn.wikitext.context.ui - 2.9.0.v20160513-1433
2016-12-20 17:00:50,574 - org.eclipse.mylyn.wikitext.asciidoc.core - 2.9.0.v20160524-1633
2016-12-20 17:00:50,577 - org.eclipse.mylyn.wikitext.asciidoc.ui - 2.9.0.v20160516-1451
2016-12-20 17:00:50,586 - org.eclipse.emf.mapping.ecore.editor - 2.6.0.v20160526-0356
2016-12-20 17:00:50,591 - org.eclipse.emf.mapping.ecore2ecore.editor - 2.7.0.v20160526-0356
2016-12-20 17:00:50,597 - org.eclipse.emf.mapping.ecore2xml.ui - 2.8.0.v20160526-0356
2016-12-20 17:00:50,602 - org.eclipse.recommenders.mylyn.rcp - 2.4.3.v20160913-0645
2016-12-20 17:00:50,656 - org.apache.ant - 1.9.6.v201510161327
2016-12-20 17:00:50,658 - org.eclipse.ant.core - 3.4.100.v20160505-0642
2016-12-20 17:00:50,658 - com.jcraft.jsch - 0.1.53.v201508180515
2016-12-20 17:00:50,660 - org.eclipse.compare.core - 3.6.0.v20160418-1534
2016-12-20 17:00:50,662 - org.eclipse.compare - 3.6.0.v20160418-1534
2016-12-20 17:00:50,664 - org.eclipse.core.filebuffers - 3.6.0.v20160503-1849
2016-12-20 17:00:50,665 - org.eclipse.core.filesystem - 1.6.0.v20160503-1608
2016-12-20 17:00:50,665 - org.eclipse.core.net - 1.3.0.v20160418-1534
2016-12-20 17:00:50,667 - org.eclipse.core.resources - 3.11.0.v20160503-1608
2016-12-20 17:00:50,670 - org.eclipse.osgi.util - 3.3.100.v20150423-1351
2016-12-20 17:00:50,671 - org.eclipse.debug.core - 3.10.100.v20160419-1720
2016-12-20 17:00:50,675 - org.eclipse.debug.ui - 3.11.201.v20160825-1412
2016-12-20 17:00:50,676 - org.eclipse.equinox.event - 1.3.200.v20160324-1850
2016-12-20 17:00:50,678 - org.eclipse.ltk.core.refactoring - 3.7.0.v20160419-0705
2016-12-20 17:00:50,681 - org.eclipse.ltk.ui.refactoring - 3.8.0.v20160518-1817
2016-12-20 17:00:50,681 - org.eclipse.platform - 4.6.1.v20160907-1200
2016-12-20 17:00:50,683 - org.eclipse.platform.doc.user - 4.6.1.v20160727-2009
2016-12-20 17:00:50,686 - org.eclipse.search - 3.11.0.v20160519-1501
2016-12-20 17:00:50,689 - org.eclipse.team.core - 3.8.0.v20160418-1534
2016-12-20 17:00:50,692 - org.eclipse.team.ui - 3.8.0.v20160518-1906
2016-12-20 17:00:50,695 - org.eclipse.text - 3.6.0.v20160503-1849
2016-12-20 17:00:50,696 - org.eclipse.jface.text - 3.11.1.v20160819-1517
2016-12-20 17:00:50,696 - org.eclipse.jsch.core - 1.3.0.v20160422-1917
2016-12-20 17:00:50,704 - org.eclipse.jsch.ui - 1.3.0.v20160323-1650
2016-12-20 17:00:50,707 - org.eclipse.ui.console - 3.6.200.v20160518-1858
2016-12-20 17:00:50,711 - org.eclipse.ui.intro - 3.5.1.v20160829-1558
2016-12-20 17:00:50,713 - org.eclipse.ui.intro.universal - 3.3.1.v20160829-1558
2016-12-20 17:00:50,716 - org.eclipse.ui.cheatsheets - 3.5.0.v20160504-0839
2016-12-20 17:00:50,719 - org.eclipse.ui.browser - 3.5.1.v20160712-0914
2016-12-20 17:00:50,725 - org.eclipse.ui.monitoring - 1.1.0.v20160131-1628
2016-12-20 17:00:50,729 - org.eclipse.ui.navigator - 3.6.100.v20160518-1929
2016-12-20 17:00:50,736 - org.eclipse.ui.navigator.resources - 3.5.100.v20160518-1929
2016-12-20 17:00:50,737 - org.eclipse.ui.net - 1.3.0.v20160426-1633
2016-12-20 17:00:50,739 - org.eclipse.ui.workbench.texteditor - 3.10.1.v20160818-1626
2016-12-20 17:00:50,742 - org.eclipse.ui.views - 3.8.101.v20160816-1954
2016-12-20 17:00:50,748 - org.eclipse.ui.editors - 3.10.0.v20160505-0931
2016-12-20 17:00:50,751 - org.eclipse.ui.externaltools - 3.3.100.v20160518-1858
2016-12-20 17:00:50,754 - org.eclipse.ui.ide - 3.12.1.v20160823-0925
2016-12-20 17:00:50,755 - org.eclipse.ui.ide.application - 1.1.101.v20160829-0827
2016-12-20 17:00:50,755 - org.eclipse.core.filesystem.macosx - 1.3.0.v20140124-1940
2016-12-20 17:00:50,759 - org.eclipse.core.variables - 3.3.0.v20160419-1720
2016-12-20 17:00:50,760 - org.eclipse.ui.forms - 3.7.0.v20160518-1929
2016-12-20 17:00:50,764 - org.eclipse.ui.views.properties.tabbed - 3.7.0.v20160310-0903
2016-12-20 17:00:50,764 - org.eclipse.equinox.security - 1.2.200.v20150715-1528
2016-12-20 17:00:50,771 - org.eclipse.equinox.security.ui - 1.1.300.v20150803-1225
2016-12-20 17:00:50,772 - org.eclipse.equinox.security.macosx - 1.100.200.v20130327-1442
2016-12-20 17:00:50,774 - org.eclipse.core.externaltools - 1.0.400.v20160509-1057
2016-12-20 17:00:50,774 - org.eclipse.ui.themes - 1.1.200.v20160815-0536
2016-12-20 17:00:50,775 - org.eclipse.core.runtime - 3.12.0.v20160606-1342
2016-12-20 17:00:50,776 - org.eclipse.ui.intro.quicklinks - 1.0.0.v20160515-0255
2016-12-20 17:00:50,784 - org.eclipse.mylyn.discovery.core - 3.20.0.v20160421-1819
2016-12-20 17:00:50,785 - org.eclipse.mylyn.discovery.ui - 3.20.0.v20160421-1819
2016-12-20 17:00:50,790 - org.eclipse.emf.ecore.edit - 2.9.0.v20160526-0356
2016-12-20 17:00:50,791 - org.eclipse.emf.ecore.change.edit - 2.6.0.v20160526-0356
2016-12-20 17:00:50,795 - org.eclipse.sequoyah.vnc.protocol - 2.1.0.N20120718-0509
2016-12-20 17:00:50,800 - org.eclipse.emf.mapping.ecore - 2.6.0.v20160526-0356
2016-12-20 17:00:50,807 - org.eclipse.emf.mapping.ecore2ecore - 2.9.0.v20160526-0356
2016-12-20 17:00:50,808 - org.eclipse.emf.mapping.ecore2xml - 2.9.0.v20160526-0356
2016-12-20 17:00:50,813 - org.eclipse.mylyn.versions.core - 1.12.0.v20160421-1824
2016-12-20 17:00:50,817 - org.eclipse.mylyn.versions.ui - 1.12.0.v20160421-1824
2016-12-20 17:00:50,820 - org.eclipse.andmore.traceview - 0.5.0.201605181018
2016-12-20 17:00:50,823 - org.eclipse.sequoyah.localization.android - 2.1.0.N20120718-0509
2016-12-20 17:00:50,828 - org.eclipse.sequoyah.localization.android.help - 2.1.1.N20120718-0509
2016-12-20 17:00:50,832 - org.eclipse.m2e.logback.configuration - 1.7.0.20160603-1933
2016-12-20 17:00:50,833 - org.eclipse.m2e.logback.appender - 1.7.0.20160603-1933
2016-12-20 17:00:50,837 - org.eclipse.emf.codegen - 2.11.0.v20160526-0356
2016-12-20 17:00:50,843 - org.eclipse.wst.dtd.ui - 1.0.801.v201308100602
2016-12-20 17:00:50,845 - org.eclipse.wst.dtd.ui.infopop - 1.0.400.v201309112106
2016-12-20 17:00:50,849 - org.eclipse.wst.sse.ui.infopop - 1.0.300.v201309112106
2016-12-20 17:00:50,852 - org.eclipse.wst.xml.ui.infopop - 1.0.400.v201309112106
2016-12-20 17:00:50,857 - org.eclipse.wst.sse.ui - 1.3.500.v201605120129
2016-12-20 17:00:50,857 - org.eclipse.wst.xml.ui - 1.1.700.v201604272318
2016-12-20 17:00:50,866 - org.eclipse.wst.xsd.ui - 1.2.600.v201511240159
2016-12-20 17:00:50,870 - org.eclipse.emf - 2.6.0.v20160526-0356
2016-12-20 17:00:50,874 - org.eclipse.datatools.doc.user - 1.7.0.20090521092446
2016-12-20 17:00:50,876 - org.eclipse.datatools.oda.cshelp - 1.2.0.201603142002
2016-12-20 17:00:50,876 - org.eclipse.datatools.help - 1.6.0.201603142002
2016-12-20 17:00:50,884 - org.eclipse.mylyn.tasks.bugs - 3.20.0.v20160425-1835
2016-12-20 17:00:50,889 - org.eclipse.mylyn.help.ui - 3.20.0.v20160425-1835
2016-12-20 17:00:50,894 - org.eclipse.draw2d - 3.10.100.201606061308
2016-12-20 17:00:50,897 - org.eclipse.emf.edit - 2.12.0.v20160526-0356
2016-12-20 17:00:50,901 - org.eclipse.mylyn.commons.core - 3.20.0.v20160421-1819
2016-12-20 17:00:50,904 - org.eclipse.mylyn.commons.screenshots - 3.20.0.v20160421-1819
2016-12-20 17:00:50,905 - org.eclipse.mylyn.commons.ui - 3.20.0.v20160421-1819
2016-12-20 17:00:50,909 - org.eclipse.mylyn.commons.workbench - 3.20.0.v20160421-1819
2016-12-20 17:00:50,915 - org.eclipse.mylyn.bugzilla.ide - 3.20.0.v20160421-1902
2016-12-20 17:00:50,917 - org.eclipse.mylyn.ide.ui - 3.20.0.v20160421-1902
2016-12-20 17:00:50,923 - org.eclipse.emf.databinding.edit - 1.3.0.v20160526-0356
2016-12-20 17:00:50,928 - org.eclipse.emf.codegen.ecore - 2.12.0.v20160526-0356
2016-12-20 17:00:50,931 - org.eclipse.emf.ant - 2.8.0.v20160526-0356
2016-12-20 17:00:50,956 - org.eclipse.m2e.archetype.common - 1.7.0.20160603-1931
2016-12-20 17:00:50,972 - org.eclipse.m2e.maven.indexer - 1.7.0.20160603-1931
2016-12-20 17:00:50,976 - org.eclipse.m2e.model.edit - 1.7.0.20160603-1933
2016-12-20 17:00:50,976 - org.eclipse.m2e.core - 1.7.0.20160603-1933
2016-12-20 17:00:50,978 - org.eclipse.m2e.launching - 1.7.0.20160603-1933
2016-12-20 17:00:50,979 - org.eclipse.m2e.workspace.cli - 0.3.1
2016-12-20 17:00:50,985 - org.eclipse.m2e.jdt - 1.7.0.20160603-1933
2016-12-20 17:00:50,992 - org.eclipse.m2e.editor - 1.7.0.20160603-1933
2016-12-20 17:00:50,997 - org.eclipse.m2e.editor.xml - 1.7.0.20160603-1933
2016-12-20 17:00:51,059 - org.eclipse.m2e.maven.runtime - 1.7.0.20160603-1931
2016-12-20 17:00:51,061 - org.eclipse.m2e.maven.runtime.slf4j.simple - 1.7.0.20160603-1931
2016-12-20 17:00:51,062 - org.eclipse.m2e.refactoring - 1.7.0.20160603-1933
2016-12-20 17:00:51,064 - org.eclipse.m2e.lifecyclemapping.defaults - 1.7.0.20160603-1933
2016-12-20 17:00:51,068 - org.eclipse.m2e.discovery - 1.7.0.20160603-1933
2016-12-20 17:00:51,075 - org.eclipse.m2e.core.ui - 1.7.0.20160603-1933
2016-12-20 17:00:51,078 - org.eclipse.m2e.scm - 1.7.0.20160603-1933
2016-12-20 17:00:51,084 - org.eclipse.m2e.jdt.ui - 1.7.0.20160603-1933
2016-12-20 17:00:51,085 - org.eclipse.m2e.profiles.core - 1.7.0.20160603-1933
2016-12-20 17:00:51,089 - org.eclipse.m2e.profiles.ui - 1.7.0.20160603-1933
2016-12-20 17:00:51,090 - org.eclipse.m2e.importer - 1.7.0.20160603-1933
2016-12-20 17:00:51,092 - org.eclipse.andmore.ndk - 0.5.0.201605181018
2016-12-20 17:00:51,096 - org.eclipse.andmore.gldebugger - 0.5.0.201605181018
2016-12-20 17:00:51,100 - org.eclipse.mylyn.hudson.core - 1.12.0.v20160524-1837
2016-12-20 17:00:51,101 - org.eclipse.mylyn.hudson.ui - 1.12.0.v20160421-2142
2016-12-20 17:00:51,111 - org.eclipse.epp.mpc.core - 1.5.2.v20161004-1655
2016-12-20 17:00:51,111 - org.eclipse.epp.mpc.ui - 1.5.2.v20161005-1414
2016-12-20 17:00:51,113 - org.eclipse.epp.mpc.help.ui - 1.5.2.v20161004-1655
2016-12-20 17:00:51,113 - org.apache.httpcomponents.httpclient - 4.3.6.v201511171540
2016-12-20 17:00:51,113 - org.apache.httpcomponents.httpcore - 4.3.3.v201411290715
2016-12-20 17:00:51,120 - org.eclipse.datatools.connectivity.oda.consumer - 3.3.0.201603142002
2016-12-20 17:00:51,125 - org.eclipse.datatools.connectivity.oda.design - 3.4.0.201603142002
2016-12-20 17:00:51,126 - org.eclipse.datatools.connectivity.oda.profile - 3.3.0.201603142002
2016-12-20 17:00:51,126 - org.eclipse.datatools.connectivity.oda - 3.5.0.201603142002
2016-12-20 17:00:51,126 - org.eclipse.datatools.connectivity - 1.13.0.201603142002
2016-12-20 17:00:51,134 - org.eclipse.mylyn.git.core - 1.12.0.v20160421-1824
2016-12-20 17:00:51,137 - org.eclipse.mylyn.git.ui - 1.12.0.v20160421-1824
2016-12-20 17:00:51,140 - org.eclipse.andmore.android.certmanager - 0.5.0.201605181018
2016-12-20 17:00:51,146 - org.eclipse.recommenders.snipmatch - 2.4.3.v20160913-0645
2016-12-20 17:00:51,146 - org.eclipse.recommenders.snipmatch.rcp - 2.4.3.v20160913-0645
2016-12-20 17:00:51,153 - org.eclipse.cdt.gdb - 7.0.0.201609121658
2016-12-20 17:00:51,155 - org.eclipse.cdt.gdb.ui - 7.0.0.201609121658
2016-12-20 17:00:51,161 - org.eclipse.sequoyah.localization.tools - 2.1.0.N20120718-0509
2016-12-20 17:00:51,168 - org.eclipse.sequoyah.localization.editor - 2.1.0.N20120718-0509
2016-12-20 17:00:51,173 - org.eclipse.pde - 3.12.1.v20160907-1200
2016-12-20 17:00:51,177 - org.eclipse.pde.build - 3.9.200.v20160204-0642
2016-12-20 17:00:51,180 - org.eclipse.pde.core - 3.11.0.v20160510-1223
2016-12-20 17:00:51,183 - org.eclipse.pde.junit.runtime - 3.5.0.v20151013-0625
2016-12-20 17:00:51,186 - org.eclipse.pde.runtime - 3.5.0.v20160418-1724
2016-12-20 17:00:51,188 - org.eclipse.pde.ui - 3.9.1.v20160813-1107
2016-12-20 17:00:51,193 - org.eclipse.pde.doc.user - 3.12.1.v20160825-1158
2016-12-20 17:00:51,199 - org.eclipse.pde.ui.templates - 3.6.0.v20160424-1948
2016-12-20 17:00:51,203 - org.eclipse.ui.views.log - 1.2.1.v20160829-0826
2016-12-20 17:00:51,203 - org.objectweb.asm - 5.0.1.v201404251740
2016-12-20 17:00:51,206 - org.objectweb.asm.tree - 5.0.1.v201404251740
2016-12-20 17:00:51,209 - org.eclipse.pde.api.tools - 1.1.1.v20160811-0626
2016-12-20 17:00:51,212 - org.eclipse.pde.api.tools.annotations - 1.0.100.v20160418-1724
2016-12-20 17:00:51,217 - org.eclipse.pde.api.tools.ui - 1.1.0.v20160519-0701
2016-12-20 17:00:51,219 - org.eclipse.pde.ds.core - 1.1.0.v20151201-1325
2016-12-20 17:00:51,222 - org.eclipse.pde.ds.ui - 1.1.0.v20160518-1843
2016-12-20 17:00:51,222 - org.eclipse.pde.launching - 3.6.400.v20160121-1248
2016-12-20 17:00:51,228 - org.eclipse.pde.ua.core - 1.0.500.v20160204-0642
2016-12-20 17:00:51,232 - org.eclipse.pde.ua.ui - 1.1.0.v20160518-1843
2016-12-20 17:00:51,236 - org.eclipse.ui.trace - 1.0.400.v20160509-1055
2016-12-20 17:00:51,238 - org.eclipse.pde.ds.annotations - 1.0.0.v20160525-1437
2016-12-20 17:00:51,248 - net.sourceforge.lpg.lpgjavaruntime - 1.1.0.v201004271650
2016-12-20 17:00:51,249 - org.eclipse.datatools.sqltools.parsers.sql.lexer - 1.1.0.201603142002
2016-12-20 17:00:51,250 - org.eclipse.datatools.sqltools.parsers.sql.query - 1.3.0.201603142002
2016-12-20 17:00:51,252 - org.eclipse.datatools.sqltools.parsers.sql.xml.query - 1.1.0.201603142002
2016-12-20 17:00:51,252 - org.eclipse.datatools.sqltools.parsers.sql - 1.1.0.201603142002
2016-12-20 17:00:51,257 - org.eclipse.mylyn.java.ui - 3.20.0.v20160421-1902
2016-12-20 17:00:51,258 - org.eclipse.mylyn.java.tasks - 3.20.0.v20160421-1902
2016-12-20 17:00:51,258 - org.eclipse.mylyn.ide.ui - 3.20.0.v20160421-1902
2016-12-20 17:00:51,261 - org.eclipse.mylyn.ide.ant - 3.20.0.v20160421-1902
2016-12-20 17:00:51,262 - org.eclipse.mylyn.debug.ui - 3.20.0.v20160421-1902
2016-12-20 17:00:51,267 - org.eclipse.mylyn.team.ui - 3.20.0.v20160421-1902
2016-12-20 17:00:51,271 - org.eclipse.datatools.sqltools.sql - 1.1.0.201603142002
2016-12-20 17:00:51,271 - org.eclipse.datatools.sqltools.common.ui - 1.1.0.201603142002
2016-12-20 17:00:51,271 - org.eclipse.datatools.sqltools.plan - 1.1.0.201603142002
2016-12-20 17:00:51,271 - org.eclipse.datatools.sqltools.editor.core - 1.1.0.201603142002
2016-12-20 17:00:51,271 - org.eclipse.datatools.sqltools.sqleditor - 1.1.0.201603142002
2016-12-20 17:00:51,271 - org.eclipse.datatools.sqltools.ddlgen.ui - 1.1.0.201603142002
2016-12-20 17:00:51,273 - org.eclipse.datatools.connectivity.db.generic - 1.1.0.201603142002
2016-12-20 17:00:51,273 - org.eclipse.datatools.sqltools.editor.core.ui - 1.1.0.201603142002
2016-12-20 17:00:51,273 - org.eclipse.datatools.sqltools.sql.ui - 1.1.0.201603142002
2016-12-20 17:00:51,277 - org.eclipse.emf.common.ui - 2.11.0.v20160526-0356
2016-12-20 17:00:51,281 - org.eclipse.mylyn.commons.repositories.core - 1.12.0.v20160421-1819
2016-12-20 17:00:51,281 - org.eclipse.mylyn.commons.repositories.ui - 1.12.0.v20160421-1819
2016-12-20 17:00:51,284 - org.eclipse.sequoyah.device.common.utilities - 2.1.0.N20120718-0509
2016-12-20 17:00:51,288 - org.eclipse.andmore.android.common - 0.5.0.201605181018
2016-12-20 17:00:51,289 - org.eclipse.andmore.android.codeutils - 0.5.0.201605181018
2016-12-20 17:00:51,296 - org.eclipse.andmore.android.translation - 0.5.0.201605181018
2016-12-20 17:00:51,300 - org.eclipse.andmore.android.codesnippets - 0.5.0.201605181018
2016-12-20 17:00:51,305 - org.eclipse.andmore.android.db.core - 0.5.0.201605181018
2016-12-20 17:00:51,305 - org.eclipse.andmore.android.logger - 0.5.0.201605181018
2016-12-20 17:00:51,309 - org.eclipse.andmore.android - 0.5.0.201605181018
2016-12-20 17:00:51,313 - org.eclipse.andmore.android.emulator - 0.5.0.201605181018
2016-12-20 17:00:51,317 - org.eclipse.andmore.android.launch - 0.5.0.201605181018
2016-12-20 17:00:51,320 - org.eclipse.andmore.android.packaging.ui - 0.5.0.201605181018
2016-12-20 17:00:51,322 - org.eclipse.andmore.android.handset - 0.5.0.201605181018
2016-12-20 17:00:51,324 - org.eclipse.andmore.android.remote - 0.5.0.201605181018
2016-12-20 17:00:51,325 - org.eclipse.andmore.android.macosx - 0.5.0.201605181018
2016-12-20 17:00:51,326 - org.eclipse.andmore.android.mat - 0.5.0.201605181018
2016-12-20 17:00:51,327 - org.eclipse.andmore.android.devices.services - 0.5.0.201605181018
2016-12-20 17:00:51,329 - org.eclipse.andmore.android.db.devices - 0.5.0.201605181018
2016-12-20 17:00:51,331 - org.eclipse.andmore.android.installer - 0.5.0.201605181018
2016-12-20 17:00:51,334 - org.eclipse.andmore.android.logger.collector - 0.5.0.201605181018
2016-12-20 17:00:51,341 - org.eclipse.emf.mapping.ui - 2.7.0.v20160526-0356
2016-12-20 17:00:51,346 - org.eclipse.mylyn.monitor.core - 3.20.0.v20160421-1819
2016-12-20 17:00:51,346 - org.eclipse.mylyn.monitor.ui - 3.20.0.v20160421-1819
2016-12-20 17:00:51,351 - org.eclipse.datatools.connectivity.oda.template.ui - 3.3.0.201603142002
2016-12-20 17:00:51,355 - org.eclipse.sequoyah.vnc.vncviewer - 2.1.0.N20120718-0509
2016-12-20 17:00:51,364 - org.eclipse.emf.codegen.ecore.ui - 2.12.0.v20160526-0356
2016-12-20 17:00:51,367 - org.eclipse.emf.ecore.editor - 2.12.0.v20160526-0356
2016-12-20 17:00:51,372 - org.eclipse.epp.package.android - 4.6.1.20161007-1200
2016-12-20 17:00:51,374 - org.eclipse.mylyn.builds.core - 1.12.0.v20160421-2142
2016-12-20 17:00:51,376 - org.eclipse.mylyn.builds.ui - 1.12.0.v20160421-2142
2016-12-20 17:00:51,379 - org.eclipse.mylyn.context.core - 3.20.0.v20160421-1902
2016-12-20 17:00:51,382 - org.eclipse.mylyn.context.ui - 3.20.0.v20160421-1902
2016-12-20 17:00:51,384 - org.eclipse.mylyn.resources.ui - 3.20.0.v20160421-1902
2016-12-20 17:00:51,384 - org.eclipse.mylyn.context.tasks.ui - 3.20.0.v20160608-1905
2016-12-20 17:00:51,388 - org.eclipse.emf.databinding - 1.3.0.v20160526-0356
2016-12-20 17:00:51,398 - org.eclipse.datatools.connectivity.sqm.core.ui - 1.3.0.201603142002
2016-12-20 17:00:51,398 - org.eclipse.datatools.connectivity.sqm.core - 1.3.0.201603142002
2016-12-20 17:00:51,402 - org.eclipse.datatools.connectivity.sqm.server.ui - 1.2.0.201603142002
2016-12-20 17:00:51,402 - org.eclipse.datatools.connectivity.ui.dse - 1.2.0.201603142002
2016-12-20 17:00:51,402 - org.eclipse.datatools.connectivity.ui - 1.3.0.201603142002
2016-12-20 17:00:51,402 - org.eclipse.datatools.connectivity - 1.13.0.201603142002
2016-12-20 17:00:51,402 - org.eclipse.datatools.help - 1.6.0.201603142002
2016-12-20 17:00:51,406 - org.eclipse.datatools.connectivity.console.profile - 1.1.0.201603142002
2016-12-20 17:00:51,410 - org.eclipse.oomph.setup - 1.5.0.v20160818-1158
2016-12-20 17:00:51,414 - org.eclipse.oomph.setup.edit - 1.5.0.v20160707-0243
2016-12-20 17:00:51,414 - org.eclipse.oomph.setup.core - 1.5.0.v20160913-0854
2016-12-20 17:00:51,415 - org.eclipse.oomph.setup.sync - 1.5.0.v20160707-0243
2016-12-20 17:00:51,422 - org.eclipse.oomph.setup.p2 - 1.5.0.v20160707-0243
2016-12-20 17:00:51,422 - org.eclipse.oomph.setup.p2.edit - 1.5.0.v20160706-1149
2016-12-20 17:00:51,426 - org.eclipse.oomph.preferences - 1.5.0.v20160807-0831
2016-12-20 17:00:51,428 - org.eclipse.oomph.jreinfo - 1.5.0.v20160807-1022
2016-12-20 17:00:51,429 - org.eclipse.oomph.extractor.lib - 1.2.0.v20160519-0740
2016-12-20 17:00:51,429 - org.apache.commons.logging - 1.1.1.v201101211721
2016-12-20 17:00:51,429 - org.apache.commons.codec - 1.6.0.v201305230611
2016-12-20 17:00:51,429 - org.apache.httpcomponents.httpclient - 4.3.6.v201511171540
2016-12-20 17:00:51,429 - org.apache.httpcomponents.httpcore - 4.3.3.v201411290715
2016-12-20 17:00:51,430 - org.eclipse.userstorage - 1.0.0.v20160524-0709
2016-12-20 17:00:51,431 - org.eclipse.userstorage.ui - 1.0.0.v20151216-0912
